This is pdfTeX, Version 3.141592653-2.6-1.40.25 (TeX Live 2023) (preloaded format=pdflatex 2023.5.30)  20 JUN 2023 16:46
entering extended mode
 restricted \write18 enabled.
 %&-line parsing enabled.
**Complete-V1.tex
(./Complete-V1.tex
LaTeX2e <2022-11-01> patch level 1
L3 programming layer <2023-05-22> (./svjour3.cls
Document Class: svjour3 2007/05/08 v3.2 
LaTeX document class for Springer journals
Class Springer-SVJour3 Info: extra/valid Springer sub-package (-> *.clo) 
(Springer-SVJour3)           not found in option list of \documentclass
(Springer-SVJour3)           - autoactivating "global" style.
(./svglov3.clo
File: svglov3.clo 2009/12/18 v3.2 style option for standardised journals

SVJour Class option: svglov3.clo for standardised journals
)
LaTeX Font Info:    Redeclaring math symbol \Gamma on input line 147.
LaTeX Font Info:    Redeclaring math symbol \Delta on input line 148.
LaTeX Font Info:    Redeclaring math symbol \Theta on input line 149.
LaTeX Font Info:    Redeclaring math symbol \Lambda on input line 150.
LaTeX Font Info:    Redeclaring math symbol \Xi on input line 151.
LaTeX Font Info:    Redeclaring math symbol \Pi on input line 152.
LaTeX Font Info:    Redeclaring math symbol \Sigma on input line 153.
LaTeX Font Info:    Redeclaring math symbol \Upsilon on input line 154.
LaTeX Font Info:    Redeclaring math symbol \Phi on input line 155.
LaTeX Font Info:    Redeclaring math symbol \Psi on input line 156.
LaTeX Font Info:    Redeclaring math symbol \Omega on input line 157.
\logodepth=\dimen140
\headerboxheight=\dimen141
\betweenumberspace=\dimen142
\aftertext=\dimen143
\headlineindent=\dimen144
\c@inst=\count185
\c@auth=\count186
\instindent=\dimen145
\authrun=\box51
\authorrunning=\toks16
\titrun=\box52
\titlerunning=\toks17
\combirun=\box53
\c@lastpage=\count187
\rubricwidth=\dimen146
\c@section=\count188
\c@subsection=\count189
\c@subsubsection=\count190
\c@paragraph=\count191
\c@subparagraph=\count192
\spthmsep=\dimen147
\c@theorem=\count193
\c@case=\count194
\c@conjecture=\count195
\c@corollary=\count196
\c@definition=\count197
\c@example=\count198
\c@exercise=\count199
\c@lemma=\count266
\c@note=\count267
\c@problem=\count268
\c@property=\count269
\c@proposition=\count270
\c@question=\count271
\c@solution=\count272
\c@remark=\count273
\c@figure=\count274
\c@table=\count275
\abovecaptionskip=\skip48
\belowcaptionskip=\skip49
\figcapgap=\dimen148
\tabcapgap=\dimen149
\figgap=\dimen150
\bibindent=\dimen151
\@tempcntc=\count276
) (/Users/mehrdad/Library/TinyTeX/texmf-dist/tex/latex/amsmath/amsmath.sty
Package: amsmath 2022/04/08 v2.17n AMS math features
\@mathmargin=\skip50

For additional information on amsmath, use the `?' option.
(/Users/mehrdad/Library/TinyTeX/texmf-dist/tex/latex/amsmath/amstext.sty
Package: amstext 2021/08/26 v2.01 AMS text
 (/Users/mehrdad/Library/TinyTeX/texmf-dist/tex/latex/amsmath/amsgen.sty
File: amsgen.sty 1999/11/30 v2.0 generic functions
\@emptytoks=\toks18
\ex@=\dimen152
)) (/Users/mehrdad/Library/TinyTeX/texmf-dist/tex/latex/amsmath/amsbsy.sty
Package: amsbsy 1999/11/29 v1.2d Bold Symbols
\pmbraise@=\dimen153
) (/Users/mehrdad/Library/TinyTeX/texmf-dist/tex/latex/amsmath/amsopn.sty
Package: amsopn 2022/04/08 v2.04 operator names
)
\inf@bad=\count277
LaTeX Info: Redefining \frac on input line 234.
\uproot@=\count278
\leftroot@=\count279
LaTeX Info: Redefining \overline on input line 399.
LaTeX Info: Redefining \colon on input line 410.
\classnum@=\count280
\DOTSCASE@=\count281
LaTeX Info: Redefining \ldots on input line 496.
LaTeX Info: Redefining \dots on input line 499.
LaTeX Info: Redefining \cdots on input line 620.
\Mathstrutbox@=\box54
\strutbox@=\box55
LaTeX Info: Redefining \big on input line 722.
LaTeX Info: Redefining \Big on input line 723.
LaTeX Info: Redefining \bigg on input line 724.
LaTeX Info: Redefining \Bigg on input line 725.
\big@size=\dimen154
LaTeX Font Info:    Redeclaring font encoding OML on input line 743.
LaTeX Font Info:    Redeclaring font encoding OMS on input line 744.
\macc@depth=\count282
LaTeX Info: Redefining \bmod on input line 905.
LaTeX Info: Redefining \pmod on input line 910.
LaTeX Info: Redefining \smash on input line 940.
LaTeX Info: Redefining \relbar on input line 970.
LaTeX Info: Redefining \Relbar on input line 971.
\c@MaxMatrixCols=\count283
\dotsspace@=\muskip16
\c@parentequation=\count284
\dspbrk@lvl=\count285
\tag@help=\toks19
\row@=\count286
\column@=\count287
\maxfields@=\count288
\andhelp@=\toks20
\eqnshift@=\dimen155
\alignsep@=\dimen156
\tagshift@=\dimen157
\tagwidth@=\dimen158
\totwidth@=\dimen159
\lineht@=\dimen160
\@envbody=\toks21
\multlinegap=\skip51
\multlinetaggap=\skip52
\mathdisplay@stack=\toks22
LaTeX Info: Redefining \[ on input line 2953.
LaTeX Info: Redefining \] on input line 2954.
) (/Users/mehrdad/Library/TinyTeX/texmf-dist/tex/latex/graphics/graphicx.sty
Package: graphicx 2021/09/16 v1.2d Enhanced LaTeX Graphics (DPC,SPQR)
 (/Users/mehrdad/Library/TinyTeX/texmf-dist/tex/latex/graphics/keyval.sty
Package: keyval 2022/05/29 v1.15 key=value parser (DPC)
\KV@toks@=\toks23
) (/Users/mehrdad/Library/TinyTeX/texmf-dist/tex/latex/graphics/graphics.sty
Package: graphics 2022/03/10 v1.4e Standard LaTeX Graphics (DPC,SPQR)
 (/Users/mehrdad/Library/TinyTeX/texmf-dist/tex/latex/graphics/trig.sty
Package: trig 2021/08/11 v1.11 sin cos tan (DPC)
) (/Users/mehrdad/Library/TinyTeX/texmf-dist/tex/latex/graphics-cfg/graphics.cfg
File: graphics.cfg 2016/06/04 v1.11 sample graphics configuration
)
Package graphics Info: Driver file: pdftex.def on input line 107.
 (/Users/mehrdad/Library/TinyTeX/texmf-dist/tex/latex/graphics-def/pdftex.def
File: pdftex.def 2022/09/22 v1.2b Graphics/color driver for pdftex
))
\Gin@req@height=\dimen161
\Gin@req@width=\dimen162
) (/Users/mehrdad/Library/TinyTeX/texmf-dist/tex/latex/base/inputenc.sty
Package: inputenc 2021/02/14 v1.3d Input encoding file
\inpenc@prehook=\toks24
\inpenc@posthook=\toks25
) (/Users/mehrdad/Library/TinyTeX/texmf-dist/tex/latex/url/url.sty
\Urlmuskip=\muskip17
Package: url 2013/09/16  ver 3.4  Verb mode for urls, etc.
) (/Users/mehrdad/Library/TinyTeX/texmf-dist/tex/latex/hyperref/hyperref.sty
Package: hyperref 2023-05-16 v7.00y Hypertext links for LaTeX
 (/Users/mehrdad/Library/TinyTeX/texmf-dist/tex/generic/ltxcmds/ltxcmds.sty
Package: ltxcmds 2020-05-10 v1.25 LaTeX kernel commands for general use (HO)
) (/Users/mehrdad/Library/TinyTeX/texmf-dist/tex/generic/iftex/iftex.sty
Package: iftex 2022/02/03 v1.0f TeX engine tests
) (/Users/mehrdad/Library/TinyTeX/texmf-dist/tex/generic/pdftexcmds/pdftexcmds.sty
Package: pdftexcmds 2020-06-27 v0.33 Utility functions of pdfTeX for LuaTeX (HO)
 (/Users/mehrdad/Library/TinyTeX/texmf-dist/tex/generic/infwarerr/infwarerr.sty
Package: infwarerr 2019/12/03 v1.5 Providing info/warning/error messages (HO)
)
Package pdftexcmds Info: \pdf@primitive is available.
Package pdftexcmds Info: \pdf@ifprimitive is available.
Package pdftexcmds Info: \pdfdraftmode found.
) (/Users/mehrdad/Library/TinyTeX/texmf-dist/tex/latex/kvsetkeys/kvsetkeys.sty
Package: kvsetkeys 2022-10-05 v1.19 Key value parser (HO)
) (/Users/mehrdad/Library/TinyTeX/texmf-dist/tex/generic/kvdefinekeys/kvdefinekeys.sty
Package: kvdefinekeys 2019-12-19 v1.6 Define keys (HO)
) (/Users/mehrdad/Library/TinyTeX/texmf-dist/tex/generic/pdfescape/pdfescape.sty
Package: pdfescape 2019/12/09 v1.15 Implements pdfTeX's escape features (HO)
) (/Users/mehrdad/Library/TinyTeX/texmf-dist/tex/latex/hycolor/hycolor.sty
Package: hycolor 2020-01-27 v1.10 Color options for hyperref/bookmark (HO)
) (/Users/mehrdad/Library/TinyTeX/texmf-dist/tex/latex/letltxmacro/letltxmacro.sty
Package: letltxmacro 2019/12/03 v1.6 Let assignment for LaTeX macros (HO)
) (/Users/mehrdad/Library/TinyTeX/texmf-dist/tex/latex/auxhook/auxhook.sty
Package: auxhook 2019-12-17 v1.6 Hooks for auxiliary files (HO)
) (/Users/mehrdad/Library/TinyTeX/texmf-dist/tex/latex/hyperref/nameref.sty
Package: nameref 2023-05-16 v2.51 Cross-referencing by name of section
 (/Users/mehrdad/Library/TinyTeX/texmf-dist/tex/latex/refcount/refcount.sty
Package: refcount 2019/12/15 v3.6 Data extraction from label references (HO)
) (/Users/mehrdad/Library/TinyTeX/texmf-dist/tex/generic/gettitlestring/gettitlestring.sty
Package: gettitlestring 2019/12/15 v1.6 Cleanup title references (HO)
 (/Users/mehrdad/Library/TinyTeX/texmf-dist/tex/latex/kvoptions/kvoptions.sty
Package: kvoptions 2022-06-15 v3.15 Key value format for package options (HO)
))
\c@section@level=\count289
) (/Users/mehrdad/Library/TinyTeX/texmf-dist/tex/latex/etoolbox/etoolbox.sty
Package: etoolbox 2020/10/05 v2.5k e-TeX tools for LaTeX (JAW)
\etb@tempcnta=\count290
)
\@linkdim=\dimen163
\Hy@linkcounter=\count291
\Hy@pagecounter=\count292
 (/Users/mehrdad/Library/TinyTeX/texmf-dist/tex/latex/hyperref/pd1enc.def
File: pd1enc.def 2023-05-16 v7.00y Hyperref: PDFDocEncoding definition (HO)
Now handling font encoding PD1 ...
... no UTF-8 mapping file for font encoding PD1
) (/Users/mehrdad/Library/TinyTeX/texmf-dist/tex/generic/intcalc/intcalc.sty
Package: intcalc 2019/12/15 v1.3 Expandable calculations with integers (HO)
)
\Hy@SavedSpaceFactor=\count293
 (/Users/mehrdad/Library/TinyTeX/texmf-dist/tex/latex/hyperref/puenc.def
File: puenc.def 2023-05-16 v7.00y Hyperref: PDF Unicode definition (HO)
Now handling font encoding PU ...
... no UTF-8 mapping file for font encoding PU
)
Package hyperref Info: Hyper figures OFF on input line 4167.
Package hyperref Info: Link nesting OFF on input line 4172.
Package hyperref Info: Hyper index ON on input line 4175.
Package hyperref Info: Plain pages OFF on input line 4182.
Package hyperref Info: Backreferencing OFF on input line 4187.
Package hyperref Info: Implicit mode ON; LaTeX internals redefined.
Package hyperref Info: Bookmarks ON on input line 4434.
\c@Hy@tempcnt=\count294
LaTeX Info: Redefining \url on input line 4772.
\XeTeXLinkMargin=\dimen164
 (/Users/mehrdad/Library/TinyTeX/texmf-dist/tex/generic/bitset/bitset.sty
Package: bitset 2019/12/09 v1.3 Handle bit-vector datatype (HO)
 (/Users/mehrdad/Library/TinyTeX/texmf-dist/tex/generic/bigintcalc/bigintcalc.sty
Package: bigintcalc 2019/12/15 v1.5 Expandable calculations on big integers (HO)
))
\Fld@menulength=\count295
\Field@Width=\dimen165
\Fld@charsize=\dimen166
Package hyperref Info: Hyper figures OFF on input line 6051.
Package hyperref Info: Link nesting OFF on input line 6056.
Package hyperref Info: Hyper index ON on input line 6059.
Package hyperref Info: backreferencing OFF on input line 6066.
Package hyperref Info: Link coloring OFF on input line 6071.
Package hyperref Info: Link coloring with OCG OFF on input line 6076.
Package hyperref Info: PDF/A mode OFF on input line 6081.
 (/Users/mehrdad/Library/TinyTeX/texmf-dist/tex/latex/base/atbegshi-ltx.sty
Package: atbegshi-ltx 2021/01/10 v1.0c Emulation of the original atbegshi
package with kernel methods
)
\Hy@abspage=\count296
\c@Item=\count297
\c@Hfootnote=\count298
)
Package hyperref Info: Driver (autodetected): hpdftex.
 (/Users/mehrdad/Library/TinyTeX/texmf-dist/tex/latex/hyperref/hpdftex.def
File: hpdftex.def 2023-05-16 v7.00y Hyperref driver for pdfTeX
 (/Users/mehrdad/Library/TinyTeX/texmf-dist/tex/latex/base/atveryend-ltx.sty
Package: atveryend-ltx 2020/08/19 v1.0a Emulation of the original atveryend package
with kernel methods
)
\Fld@listcount=\count299
\c@bookmark@seq@number=\count300
 (/Users/mehrdad/Library/TinyTeX/texmf-dist/tex/latex/rerunfilecheck/rerunfilecheck.sty
Package: rerunfilecheck 2022-07-10 v1.10 Rerun checks for auxiliary files (HO)
 (/Users/mehrdad/Library/TinyTeX/texmf-dist/tex/generic/uniquecounter/uniquecounter.sty
Package: uniquecounter 2019/12/15 v1.4 Provide unlimited unique counter (HO)
)
Package uniquecounter Info: New unique counter `rerunfilecheck' on input line 285.
)
\Hy@SectionHShift=\skip53
) (/Users/mehrdad/Library/TinyTeX/texmf-dist/tex/latex/tools/longtable.sty
Package: longtable 2021-09-01 v4.17 Multi-page Table package (DPC)
\LTleft=\skip54
\LTright=\skip55
\LTpre=\skip56
\LTpost=\skip57
\LTchunksize=\count301
\LTcapwidth=\dimen167
\LT@head=\box56
\LT@firsthead=\box57
\LT@foot=\box58
\LT@lastfoot=\box59
\LT@gbox=\box60
\LT@cols=\count302
\LT@rows=\count303
\c@LT@tables=\count304
\c@LT@chunks=\count305
\LT@p@ftn=\toks26
) (/Users/mehrdad/Library/TinyTeX/texmf-dist/tex/latex/booktabs/booktabs.sty
Package: booktabs 2020/01/12 v1.61803398 Publication quality tables
\heavyrulewidth=\dimen168
\lightrulewidth=\dimen169
\cmidrulewidth=\dimen170
\belowrulesep=\dimen171
\belowbottomsep=\dimen172
\aboverulesep=\dimen173
\abovetopsep=\dimen174
\cmidrulesep=\dimen175
\cmidrulekern=\dimen176
\defaultaddspace=\dimen177
\@cmidla=\count306
\@cmidlb=\count307
\@aboverulesep=\dimen178
\@belowrulesep=\dimen179
\@thisruleclass=\count308
\@lastruleclass=\count309
\@thisrulewidth=\dimen180
) (/Users/mehrdad/Library/TinyTeX/texmf-dist/tex/latex/tools/array.sty
Package: array 2022/09/04 v2.5g Tabular extension package (FMi)
\col@sep=\dimen181
\ar@mcellbox=\box61
\extrarowheight=\dimen182
\NC@list=\toks27
\extratabsurround=\skip58
\backup@length=\skip59
\ar@cellbox=\box62
) (/Users/mehrdad/Library/TinyTeX/texmf-dist/tex/latex/tools/calc.sty
Package: calc 2017/05/25 v4.3 Infix arithmetic (KKT,FJ)
\calc@Acount=\count310
\calc@Bcount=\count311
\calc@Adimen=\dimen183
\calc@Bdimen=\dimen184
\calc@Askip=\skip60
\calc@Bskip=\skip61
LaTeX Info: Redefining \setlength on input line 80.
LaTeX Info: Redefining \addtolength on input line 81.
\calc@Ccount=\count312
\calc@Cskip=\skip62
) (/Users/mehrdad/Library/TinyTeX/texmf-dist/tex/latex/mdwtools/footnote.sty
Package: footnote 1997/01/28 1.13 Save footnotes around boxes
\fn@notes=\box63
\fn@width=\dimen185
)
\cslhangindent=\skip63
\csllabelwidth=\skip64
\cslentryspacingunit=\skip65
 (/Users/mehrdad/Library/TinyTeX/texmf-dist/tex/latex/multirow/multirow.sty
Package: multirow 2021/03/15 v2.8 Span multiple rows of a table
\multirow@colwidth=\skip66
\multirow@cntb=\count313
\multirow@dima=\skip67
\bigstrutjot=\dimen186
) (/Users/mehrdad/Library/TinyTeX/texmf-dist/tex/latex/wrapfig/wrapfig.sty
\wrapoverhang=\dimen187
\WF@size=\dimen188
\c@WF@wrappedlines=\count314
\WF@box=\box64
\WF@everypar=\toks28
Package: wrapfig 2003/01/31  v 3.6
) (/Users/mehrdad/Library/TinyTeX/texmf-dist/tex/latex/float/float.sty
Package: float 2001/11/08 v1.3d Float enhancements (AL)
\c@float@type=\count315
\float@exts=\toks29
\float@box=\box65
\@float@everytoks=\toks30
\@floatcapt=\box66
) (/Users/mehrdad/Library/TinyTeX/texmf-dist/tex/latex/colortbl/colortbl.sty
Package: colortbl 2022/06/20 v1.0f Color table columns (DPC)
 (/Users/mehrdad/Library/TinyTeX/texmf-dist/tex/latex/graphics/color.sty
Package: color 2022/01/06 v1.3d Standard LaTeX Color (DPC)
 (/Users/mehrdad/Library/TinyTeX/texmf-dist/tex/latex/graphics-cfg/color.cfg
File: color.cfg 2016/01/02 v1.6 sample color configuration
)
Package color Info: Driver file: pdftex.def on input line 149.
 (/Users/mehrdad/Library/TinyTeX/texmf-dist/tex/latex/graphics/mathcolor.ltx))
\everycr=\toks31
\minrowclearance=\skip68
\rownum=\count316
) (/Users/mehrdad/Library/TinyTeX/texmf-dist/tex/latex/pdflscape/pdflscape.sty
Package: pdflscape 2022-10-27 v0.13 Display of landscape pages in PDF
 (/Users/mehrdad/Library/TinyTeX/texmf-dist/tex/latex/pdflscape/pdflscape-nometadata.sty
Package: pdflscape-nometadata 2022-10-28 v0.13 Display of landscape pages in PDF (HO)
 (/Users/mehrdad/Library/TinyTeX/texmf-dist/tex/latex/graphics/lscape.sty
Package: lscape 2020/05/28 v3.02 Landscape Pages (DPC)
)
Package pdflscape Info: Auto-detected driver: pdftex on input line 81.
)) (/Users/mehrdad/Library/TinyTeX/texmf-dist/tex/latex/tabu/tabu.sty
Package: tabu 2019/01/11 v2.9 - flexible LaTeX tabulars (FC+tabu-fixed)
 (/Users/mehrdad/Library/TinyTeX/texmf-dist/tex/latex/varwidth/varwidth.sty
Package: varwidth 2009/03/30 ver 0.92;  Variable-width minipages
\@vwid@box=\box67
\sift@deathcycles=\count317
\@vwid@loff=\dimen189
\@vwid@roff=\dimen190
)
\c@taburow=\count318
\tabu@nbcols=\count319
\tabu@cnt=\count320
\tabu@Xcol=\count321
\tabu@alloc=\count322
\tabu@nested=\count323
\tabu@target=\dimen191
\tabu@spreadtarget=\dimen192
\tabu@naturalX=\dimen193
\tabucolX=\dimen194
\tabu@Xsum=\dimen195
\extrarowdepth=\dimen196
\abovetabulinesep=\dimen197
\belowtabulinesep=\dimen198
\tabustrutrule=\dimen199
\tabu@thebody=\toks32
\tabu@footnotes=\toks33
\tabu@box=\box68
\tabu@arstrutbox=\box69
\tabu@hleads=\box70
\tabu@vleads=\box71
\tabu@cellskip=\skip69
) (/Users/mehrdad/Library/TinyTeX/texmf-dist/tex/latex/threeparttable/threeparttable.sty
Package: threeparttable 2003/06/13  v 3.0
\@tempboxb=\box72
) (/Users/mehrdad/Library/TinyTeX/texmf-dist/tex/latex/threeparttablex/threeparttablex.sty
Package: threeparttablex 2013/07/23 v0.3 by daleif
 (/Users/mehrdad/Library/TinyTeX/texmf-dist/tex/latex/environ/environ.sty
Package: environ 2014/05/04 v0.3 A new way to define environments
 (/Users/mehrdad/Library/TinyTeX/texmf-dist/tex/latex/trimspaces/trimspaces.sty
Package: trimspaces 2009/09/17 v1.1 Trim spaces around a token list
))
\TPTL@width=\skip70
) (/Users/mehrdad/Library/TinyTeX/texmf-dist/tex/generic/ulem/ulem.sty
\UL@box=\box73
\UL@hyphenbox=\box74
\UL@skip=\skip71
\UL@hook=\toks34
\UL@height=\dimen256
\UL@pe=\count324
\UL@pixel=\dimen257
\ULC@box=\box75
Package: ulem 2019/11/18
\ULdepth=\dimen258
) (/Users/mehrdad/Library/TinyTeX/texmf-dist/tex/latex/makecell/makecell.sty
Package: makecell 2009/08/03 V0.1e Managing of Tab Column Heads and Cells
\rotheadsize=\dimen259
\c@nlinenum=\count325
\TeXr@lab=\toks35
) (/Users/mehrdad/Library/TinyTeX/texmf-dist/tex/latex/xcolor/xcolor.sty
Package: xcolor 2022/06/12 v2.14 LaTeX color extensions (UK)
 (/Users/mehrdad/Library/TinyTeX/texmf-dist/tex/latex/graphics-cfg/color.cfg
File: color.cfg 2016/01/02 v1.6 sample color configuration
)
Package xcolor Info: Driver file: pdftex.def on input line 227.
LaTeX Info: Redefining \color on input line 711.
 (/Users/mehrdad/Library/TinyTeX/texmf-dist/tex/latex/graphics/mathcolor.ltx)
Package xcolor Info: Model `cmy' substituted by `cmy0' on input line 1353.
Package xcolor Info: Model `hsb' substituted by `rgb' on input line 1357.
Package xcolor Info: Model `RGB' extended on input line 1369.
Package xcolor Info: Model `HTML' substituted by `rgb' on input line 1371.
Package xcolor Info: Model `Hsb' substituted by `hsb' on input line 1372.
Package xcolor Info: Model `tHsb' substituted by `hsb' on input line 1373.
Package xcolor Info: Model `HSB' substituted by `hsb' on input line 1374.
Package xcolor Info: Model `Gray' substituted by `gray' on input line 1375.
Package xcolor Info: Model `wave' substituted by `hsb' on input line 1376.
) (/Users/mehrdad/Library/TinyTeX/texmf-dist/tex/latex/l3backend/l3backend-pdftex.def
File: l3backend-pdftex.def 2023-04-19 L3 backend support: PDF output (pdfTeX)
\l__color_backend_stack_int=\count326
\l__pdf_internal_box=\box76
) (./Complete-V1.aux)
\openout1 = `Complete-V1.aux'.

LaTeX Font Info:    Checking defaults for OML/cmm/m/it on input line 92.
LaTeX Font Info:    ... okay on input line 92.
LaTeX Font Info:    Checking defaults for OMS/cmsy/m/n on input line 92.
LaTeX Font Info:    ... okay on input line 92.
LaTeX Font Info:    Checking defaults for OT1/cmr/m/n on input line 92.
LaTeX Font Info:    ... okay on input line 92.
LaTeX Font Info:    Checking defaults for T1/cmr/m/n on input line 92.
LaTeX Font Info:    ... okay on input line 92.
LaTeX Font Info:    Checking defaults for TS1/cmr/m/n on input line 92.
LaTeX Font Info:    ... okay on input line 92.
LaTeX Font Info:    Checking defaults for OMX/cmex/m/n on input line 92.
LaTeX Font Info:    ... okay on input line 92.
LaTeX Font Info:    Checking defaults for U/cmr/m/n on input line 92.
LaTeX Font Info:    ... okay on input line 92.
LaTeX Font Info:    Checking defaults for PD1/pdf/m/n on input line 92.
LaTeX Font Info:    ... okay on input line 92.
LaTeX Font Info:    Checking defaults for PU/pdf/m/n on input line 92.
LaTeX Font Info:    ... okay on input line 92.

Unknown journal: specify \journalname{<name of your journal>} in preambel

(/Users/mehrdad/Library/TinyTeX/texmf-dist/tex/latex/epstopdf-pkg/epstopdf-base.sty
Package: epstopdf-base 2020-01-24 v2.11 Base part for package epstopdf
Package epstopdf-base Info: Redefining graphics rule for `.eps' on input line 485.
 (/Users/mehrdad/Library/TinyTeX/texmf-dist/tex/latex/latexconfig/epstopdf-sys.cfg
File: epstopdf-sys.cfg 2010/07/13 v1.3 Configuration of (r)epstopdf for TeX Live
))
Package hyperref Info: Link coloring OFF on input line 92.
 (./Complete-V1.out) (./Complete-V1.out)
\@outlinefile=\write3
\openout3 = `Complete-V1.out'.


SVJour3 warning: Missing \journalname

LaTeX Font Warning: Font shape `OT1/cmr/bx/n' in size <13> not available
(Font)              size <12> substituted on input line 158.


SVJour3 Warning: Title too long for running head.
Please supply a shorter form with \titlerunning prior to \maketitle

Underfull \hbox (badness 10000) in paragraph at lines 160--194

 []

[1{/Users/mehrdad/Library/TinyTeX/texmf-var/fonts/map/pdftex/updmap/pdftex.map}] [2]
Underfull \vbox (badness 10000) has occurred while \output is active []

 [3]
Underfull \vbox (badness 3803) has occurred while \output is active []

 [4] [5] [6]
<../../DEG and DEM/Pics/PCA and RLE of trains.pdf, id=88, 1027.84pt x 1003.75pt>
File: ../../DEG and DEM/Pics/PCA and RLE of trains.pdf Graphic file (type pdf)
<use ../../DEG and DEM/Pics/PCA and RLE of trains.pdf>
Package pdftex.def Info: ../../DEG and DEM/Pics/PCA and RLE of trains.pdf  used on input line 503.
(pdftex.def)             Requested size: 338.0pt x 330.07451pt.

Overfull \hbox (111.4833pt too wide) in paragraph at lines 522--522
 []\OT1/cmr/m/n/8 Total 
 []


Overfull \hbox (114.1764pt too wide) in paragraph at lines 522--522
 \OT1/cmr/m/n/8 DEGs| 
 []


Overfull \hbox (104.63599pt too wide) in paragraph at lines 522--522
 []\OT1/cmr/m/n/8 860| 
 []


Overfull \hbox (104.63599pt too wide) in paragraph at lines 522--522
 []\OT1/cmr/m/n/8 670| 
 []


Overfull \hbox (104.63599pt too wide) in paragraph at lines 522--522
 []\OT1/cmr/m/n/8 260| 
 []


Overfull \hbox (91.8858pt too wide) in paragraph at lines 514--523
 [][] 
 []

[7]
<Complete-V1_files/figure-latex/venn-1.pdf, id=104, 277.035pt x 321.2pt>
File: Complete-V1_files/figure-latex/venn-1.pdf Graphic file (type pdf)
<use Complete-V1_files/figure-latex/venn-1.pdf>
Package pdftex.def Info: Complete-V1_files/figure-latex/venn-1.pdf  used on input line 537.
(pdftex.def)             Requested size: 152.09897pt x 176.34688pt.
 [8
pdfTeX warning (ext4): destination with the same identifier (name{figure.1}) has been already used, duplicate ignored
<argument> ...shipout:D \box_use:N \l_shipout_box 
                                                  \__shipout_drop_firstpage_...
l.548 
      
pdfTeX warning (ext4): destination with the same identifier (name{table.2}) has been already used, duplicate ignored
<argument> ...shipout:D \box_use:N \l_shipout_box 
                                                  \__shipout_drop_firstpage_...
l.548 
       <../../DEG and DEM/Pics/PCA and RLE of trains.pdf>]
<../../DEG and DEM/Pics/Enrichment MI-Healthy.pdf, id=162, 1228.59pt x 1156.32pt>
File: ../../DEG and DEM/Pics/Enrichment MI-Healthy.pdf Graphic file (type pdf)
<use ../../DEG and DEM/Pics/Enrichment MI-Healthy.pdf>
Package pdftex.def Info: ../../DEG and DEM/Pics/Enrichment MI-Healthy.pdf  used on input line 571.
(pdftex.def)             Requested size: 321.09897pt x 302.20642pt.

Overfull \hbox (0.19514pt too wide) in paragraph at lines 574--587
\OT1/cmr/m/n/10 ``Chemokine sig-nal-ing path-way,'' ``Lipid and atheroscle-ro-sis,'' and ``Hematopoi-
 []

[9
pdfTeX warning (ext4): destination with the same identifier (name{figure.2}) has been already used, duplicate ignored
<argument> ...shipout:D \box_use:N \l_shipout_box 
                                                  \__shipout_drop_firstpage_...
l.587 
       <./Complete-V1_files/figure-latex/venn-1.pdf>]
<../../DEG and DEM/Pics/Enrichment CAD-Healthy.pdf, id=180, 1228.59pt x 1156.32pt>
File: ../../DEG and DEM/Pics/Enrichment CAD-Healthy.pdf Graphic file (type pdf)
<use ../../DEG and DEM/Pics/Enrichment CAD-Healthy.pdf>
Package pdftex.def Info: ../../DEG and DEM/Pics/Enrichment CAD-Healthy.pdf  used on input line 589.
(pdftex.def)             Requested size: 321.09897pt x 302.20642pt.
 [10
pdfTeX warning (ext4): destination with the same identifier (name{figure.3}) has been already used, duplicate ignored
<argument> ...shipout:D \box_use:N \l_shipout_box 
                                                  \__shipout_drop_firstpage_...
l.611 
       <../../DEG and DEM/Pics/Enrichment MI-Healthy.pdf>]
<../../ML/Pics/Expressionforall.pdf, id=201, 905.51741pt x 531.9869pt>
File: ../../ML/Pics/Expressionforall.pdf Graphic file (type pdf)
<use ../../ML/Pics/Expressionforall.pdf>
Package pdftex.def Info: ../../ML/Pics/Expressionforall.pdf  used on input line 634.
(pdftex.def)             Requested size: 304.19794pt x 178.7139pt.
<../../ML/Pics/miRs ROCs.pdf, id=202, 1505.625pt x 602.25pt>
File: ../../ML/Pics/miRs ROCs.pdf Graphic file (type pdf)
<use ../../ML/Pics/miRs ROCs.pdf>
Package pdftex.def Info: ../../ML/Pics/miRs ROCs.pdf  used on input line 643.
(pdftex.def)             Requested size: 321.09897pt x 128.43361pt.
<../../ML/Pics/DEMs ROCs h not h cad mi.pdf, id=203, 1505.625pt x 602.25pt>
File: ../../ML/Pics/DEMs ROCs h not h cad mi.pdf Graphic file (type pdf)
<use ../../ML/Pics/DEMs ROCs h not h cad mi.pdf>
Package pdftex.def Info: ../../ML/Pics/DEMs ROCs h not h cad mi.pdf  used on input line 664.
(pdftex.def)             Requested size: 321.09897pt x 128.43361pt.
 [11
pdfTeX warning (ext4): destination with the same identifier (name{figure.4}) has been already used, duplicate ignored
<argument> ...shipout:D \box_use:N \l_shipout_box 
                                                  \__shipout_drop_firstpage_...
l.669 \end{figure}
                   <../../DEG and DEM/Pics/Enrichment CAD-Healthy.pdf>] [12
pdfTeX warning (ext4): destination with the same identifier (name{table.3}) has been already used, duplicate ignored
<argument> ...shipout:D \box_use:N \l_shipout_box 
                                                  \__shipout_drop_firstpage_...
l.669 \end{figure}
                  
pdfTeX warning (ext4): destination with the same identifier (name{figure.5}) has been already used, duplicate ignored
<argument> ...shipout:D \box_use:N \l_shipout_box 
                                                  \__shipout_drop_firstpage_...
l.669 \end{figure}
                  
pdfTeX warning (ext4): destination with the same identifier (name{figure.6}) has been already used, duplicate ignored
<argument> ...shipout:D \box_use:N \l_shipout_box 
                                                  \__shipout_drop_firstpage_...
l.669 \end{figure}
                   <../../ML/Pics/Expressionforall.pdf> <../../ML/Pics/miRs ROCs.pdf>]
<../../ML/Pics/DEMs Conf. matrix.pdf, id=287, 1304.875pt x 602.25pt>
File: ../../ML/Pics/DEMs Conf. matrix.pdf Graphic file (type pdf)
<use ../../ML/Pics/DEMs Conf. matrix.pdf>
Package pdftex.def Info: ../../ML/Pics/DEMs Conf. matrix.pdf  used on input line 673.
(pdftex.def)             Requested size: 304.19794pt x 140.39844pt.
<../../ML/Pics/Models DEGs mirs.pdf, id=288, 408.65424pt x 348.75372pt>
File: ../../ML/Pics/Models DEGs mirs.pdf Graphic file (type pdf)
<use ../../ML/Pics/Models DEGs mirs.pdf>
Package pdftex.def Info: ../../ML/Pics/Models DEGs mirs.pdf  used on input line 700.
(pdftex.def)             Requested size: 219.69794pt x 187.49936pt.
 [13
pdfTeX warning (ext4): destination with the same identifier (name{figure.7}) has been already used, duplicate ignored
<argument> ...shipout:D \box_use:N \l_shipout_box 
                                                  \__shipout_drop_firstpage_...
l.705 \end{figure}
                  
pdfTeX warning (ext4): destination with the same identifier (name{figure.8}) has been already used, duplicate ignored
<argument> ...shipout:D \box_use:N \l_shipout_box 
                                                  \__shipout_drop_firstpage_...
l.705 \end{figure}
                   <../../ML/Pics/DEMs ROCs h not h cad mi.pdf> <../../ML/Pics/DEMs Conf. matrix.pdf>]
<../../ML/Pics/AUC best model ROCs.pdf, id=318, 1505.625pt x 1304.875pt>
File: ../../ML/Pics/AUC best model ROCs.pdf Graphic file (type pdf)
<use ../../ML/Pics/AUC best model ROCs.pdf>
Package pdftex.def Info: ../../ML/Pics/AUC best model ROCs.pdf  used on input line 745.
(pdftex.def)             Requested size: 321.09897pt x 278.27283pt.
<../../ML/Pics/AUC Conf. matrix.pdf, id=319, 1304.875pt x 1204.5pt>
File: ../../ML/Pics/AUC Conf. matrix.pdf Graphic file (type pdf)
<use ../../ML/Pics/AUC Conf. matrix.pdf>
Package pdftex.def Info: ../../ML/Pics/AUC Conf. matrix.pdf  used on input line 754.
(pdftex.def)             Requested size: 304.19794pt x 280.7969pt.
 [14
pdfTeX warning (ext4): destination with the same identifier (name{figure.9}) has been already used, duplicate ignored
<argument> ...shipout:D \box_use:N \l_shipout_box 
                                                  \__shipout_drop_firstpage_...
l.780 
      
pdfTeX warning (ext4): destination with the same identifier (name{table.4}) has been already used, duplicate ignored
<argument> ...shipout:D \box_use:N \l_shipout_box 
                                                  \__shipout_drop_firstpage_...
l.780 
       <../../ML/Pics/Models DEGs mirs.pdf>]
<../../ML/Pics/Models AUC 5 mirs CV.pdf, id=379, 408.65424pt x 348.75372pt>
File: ../../ML/Pics/Models AUC 5 mirs CV.pdf Graphic file (type pdf)
<use ../../ML/Pics/Models AUC 5 mirs CV.pdf>
Package pdftex.def Info: ../../ML/Pics/Models AUC 5 mirs CV.pdf  used on input line 783.
(pdftex.def)             Requested size: 219.69794pt x 187.49936pt.

Underfull \vbox (badness 10000) has occurred while \output is active []

 [15
pdfTeX warning (ext4): destination with the same identifier (name{figure.10}) has been already used, duplicate ignored
<argument> ...shipout:D \box_use:N \l_shipout_box 
                                                  \__shipout_drop_firstpage_...
l.831 
       <../../ML/Pics/AUC best model ROCs.pdf>] [16
pdfTeX warning (ext4): destination with the same identifier (name{figure.11}) has been already used, duplicate ignored
<argument> ...shipout:D \box_use:N \l_shipout_box 
                                                  \__shipout_drop_firstpage_...
l.831 
      
pdfTeX warning (ext4): destination with the same identifier (name{figure.12}) has been already used, duplicate ignored
<argument> ...shipout:D \box_use:N \l_shipout_box 
                                                  \__shipout_drop_firstpage_...
l.831 
       <../../ML/Pics/AUC Conf. matrix.pdf> <../../ML/Pics/Models AUC 5 mirs CV.pdf>] [17
pdfTeX warning (ext4): destination with the same identifier (name{table.5}) has been already used, duplicate ignored
<argument> ...shipout:D \box_use:N \l_shipout_box 
                                                  \__shipout_drop_firstpage_...
l.863 
      ] [18] [19]
Overfull \hbox (1.97284pt too wide) in paragraph at lines 978--984
\OT1/cmr/m/n/10 via Mod-u-lat-ing miR-NAs As-so-ci-ated with Coro-nary Artery Dis-ease (CAD).''
 []


Overfull \hbox (20.24704pt too wide) in paragraph at lines 993--996
\OT1/cmtt/m/n/10 www . who . int / news -[] room / fact -[] sheets / detail / cardiovascular -[] diseases -[]
 []

[20]
Overfull \hbox (5.52734pt too wide) in paragraph at lines 1050--1057
\OT1/cmr/m/n/10 Landry, and Louise Pi-lote. 2020. ``Sys-tem-atic Re-view of mi-croRNA Biomark-
 []


Overfull \hbox (1.48563pt too wide) in paragraph at lines 1078--1084
\OT1/cmr/m/n/10 Zheng, Ping-Ping He, and Guo-Jun Zhao. 2018. ``MicroRNA-296: A Promis-
 []


Underfull \vbox (badness 10000) has occurred while \output is active []

 [21]
Overfull \hbox (5.1119pt too wide) in paragraph at lines 1127--1134
\OT1/cmr/m/n/10 van der Walt and Jar-rod Mill-man, 56--61. []https://doi.org/ 10.25080/Majora-
 []


Overfull \hbox (2.0285pt too wide) in paragraph at lines 1135--1141
[]\OT1/cmr/m/n/10 Mosallaei, Meysam, Naeim Eht-e-sham, Shima Rahimi-rad, Mostafa Saghi, Nasim
 []


Underfull \vbox (badness 10000) has occurred while \output is active []

 [22]
Overfull \hbox (4.00069pt too wide) in paragraph at lines 1175--1180
[]\OT1/cmr/m/n/10 Soler-Botija, Car-olina, Car-olina G^^Salvez-Mont^^Son, and An-toni Bay^^Ses-Gen^^S^^Ps. 2019.
 []


Overfull \hbox (11.76462pt too wide) in paragraph at lines 1181--1190
\OT1/cmr/m/n/10 Group on be-half of the Joint Eu-ro-pean So-ci-ety of Car-di-ol-ogy (ESC)/American
 []


Overfull \hbox (0.8328pt too wide) in paragraph at lines 1207--1214
\OT1/cmr/m/n/10 Coding RNA Snhg5 Reg-u-lates Chemother-apy Re-sis-tance Through the miR-
 []


Overfull \hbox (3.22685pt too wide) in paragraph at lines 1215--1219
[]\OT1/cmr/m/n/10 Wickham, Hadley. 2016. \OT1/cmr/m/it/10 Gg-plot2: El-e-gant Graph-ics for Data Anal-y-sis\OT1/cmr/m/n/10 . Springer-
 []


Underfull \vbox (badness 10000) has occurred while \output is active []

 [23]
Overfull \hbox (0.2713pt too wide) in paragraph at lines 1241--1246
\OT1/cmr/m/n/10 and Mys-tery of microRNA-32.'' \OT1/cmr/m/it/10 Jour-nal of Cel-lu-lar and Molec-u-lar Medicine
 []

No file Complete-V1.bbl.
[24] (./Complete-V1.aux)

LaTeX Font Warning: Size substitutions with differences
(Font)              up to 1.0pt have occurred.

Package rerunfilecheck Info: File `Complete-V1.out' has not changed.
(rerunfilecheck)             Checksum: 29379D6ACE6D0CF8078947F0E68295E4;615.
 ) 
Here is how much of TeX's memory you used:
 11963 strings out of 477998
 192931 string characters out of 5838549
 1867785 words of memory out of 5000000
 31805 multiletter control sequences out of 15000+600000
 519473 words of font info for 58 fonts, out of 8000000 for 9000
 14 hyphenation exceptions out of 8191
 75i,15n,76p,472b,519s stack positions out of 10000i,1000n,20000p,200000b,200000s
</Users/mehrdad/Library/TinyTeX/texmf-dist/fonts/type1/public/amsfonts/cm/cmbsy10.pfb></Users/mehrdad/Library/TinyTeX/texmf-dist/fonts/type1/public/amsfonts/cm/cmbx10.pfb></Users/mehrdad/Library/TinyTeX/texmf-dist/fonts/type1/public/amsfonts/cm/cmbx12.pfb></Users/mehrdad/Library/TinyTeX/texmf-dist/fonts/type1/public/amsfonts/cm/cmbx8.pfb></Users/mehrdad/Library/TinyTeX/texmf-dist/fonts/type1/public/amsfonts/cm/cmex10.pfb></Users/mehrdad/Library/TinyTeX/texmf-dist/fonts/type1/public/amsfonts/cm/cmmi10.pfb></Users/mehrdad/Library/TinyTeX/texmf-dist/fonts/type1/public/amsfonts/cm/cmmi7.pfb></Users/mehrdad/Library/TinyTeX/texmf-dist/fonts/type1/public/amsfonts/cm/cmr10.pfb></Users/mehrdad/Library/TinyTeX/texmf-dist/fonts/type1/public/amsfonts/cm/cmr8.pfb></Users/mehrdad/Library/TinyTeX/texmf-dist/fonts/type1/public/amsfonts/cm/cmsy10.pfb></Users/mehrdad/Library/TinyTeX/texmf-dist/fonts/type1/public/amsfonts/cm/cmti10.pfb></Users/mehrdad/Library/TinyTeX/texmf-dist/fonts/type1/public/amsfonts/cm/cmtt10.pfb></Users/mehrdad/Library/TinyTeX/texmf-dist/fonts/type1/public/amsfonts/cm/cmtt8.pfb>
Output written on Complete-V1.pdf (24 pages, 940003 bytes).
PDF statistics:
 688 PDF objects out of 1000 (max. 8388607)
 451 compressed objects within 5 object streams
 137 named destinations out of 1000 (max. 500000)
 109 words of extra memory for PDF output out of 10000 (max. 10000000)

